kotlin version: 2.1.0
error message: java.lang.NoSuchMethodError: 'java.lang.String org.jetbrains.kotlin.codegen.state.KotlinTypeMapper.mapFunctionName(org.jetbrains.kotlin.descriptors.FunctionDescriptor)'
	at com.google.devtools.ksp.processing.impl.ResolverImpl.getJvmName(ResolverImpl.kt:901)
	at androidx.room.compiler.processing.ksp.KspMethodElement$jvmName$2.invoke(KspMethodElement.kt:55)
	at androidx.room.compiler.processing.ksp.KspMethodElement$jvmName$2.invoke(KspMethodElement.kt:52)
	at kotlin.SynchronizedLazyImpl.getValue(LazyJVM.kt:83)
	at androidx.room.compiler.processing.ksp.KspMethodElement.getJvmName(KspMethodElement.kt:52)
	at androidx.room.compiler.processing.XMethodElement.hasValidJvmSourceName(XMethodElement.kt:133)
	at androidx.room.compiler.processing.XMethodElementKt.filterMethodsByConfig(XMethodElement.kt:158)
	at androidx.room.compiler.processing.ksp.KspTypeElement$_declaredMethods$2.invoke(KspTypeElement.kt:313)
	at androidx.room.compiler.processing.ksp.KspTypeElement$_declaredMethods$2.invoke(KspTypeElement.kt:268)
	at kotlin.SynchronizedLazyImpl.getValue(LazyJVM.kt:83)
	at androidx.room.compiler.processing.ksp.KspTypeElement.get_declaredMethods(KspTypeElement.kt:268)
	at androidx.room.compiler.processing.ksp.KspTypeElement.getDeclaredMethods(KspTypeElement.kt:317)
	at androidx.room.compiler.processing.DeclarationCollectorKt$collectAllMethods$1.invokeSuspend$collectAllMethodsByName(DeclarationCollector.kt:72)
	at androidx.room.compiler.processing.DeclarationCollectorKt$collectAllMethods$1.invokeSuspend$collectAllMethodsByName(DeclarationCollector.kt:64)
	at androidx.room.compiler.processing.DeclarationCollectorKt$collectAllMethods$1.invokeSuspend(DeclarationCollector.kt:80)
	at kotlin.coroutines.jvm.internal.BaseContinuationImpl.resumeWith(ContinuationImpl.kt:33)
	at kotlin.sequences.SequenceBuilderIterator.hasNext(SequenceBuilder.kt:129)
	at androidx.room.compiler.processing.util.MemoizedSequence$CachedIterator.hasNext(MemoizedSequence.kt:41)
	at kotlin.sequences.FilteringSequence$iterator$1.calcNext(Sequences.kt:169)
	at kotlin.sequences.FilteringSequence$iterator$1.hasNext(Sequences.kt:194)
	at androidx.room.processor.PojoProcessor$DefaultDelegate.onPreProcess(PojoProcessor.kt:1040)
	at androidx.room.processor.PojoProcessor.doProcess(PojoProcessor.kt:131)
	at androidx.room.processor.PojoProcessor.access$doProcess(PojoProcessor.kt:56)
	at androidx.room.processor.PojoProcessor$process$1.invoke(PojoProcessor.kt:112)
	at androidx.room.processor.PojoProcessor$process$1.invoke(PojoProcessor.kt:109)
	at androidx.room.processor.cache.Cache$Bucket.get(Cache.kt:53)
	at androidx.room.processor.PojoProcessor.process(PojoProcessor.kt:109)
	at androidx.room.processor.TableEntityProcessor.doProcess(TableEntityProcessor.kt:93)
	at androidx.room.processor.TableEntityProcessor.access$doProcess(TableEntityProcessor.kt:44)
	at androidx.room.processor.TableEntityProcessor$process$1.invoke(TableEntityProcessor.kt:53)
	at androidx.room.processor.TableEntityProcessor$process$1.invoke(TableEntityProcessor.kt:52)
	at androidx.room.processor.cache.Cache$Bucket.get(Cache.kt:53)
	at androidx.room.processor.TableEntityProcessor.process(TableEntityProcessor.kt:52)
	at androidx.room.processor.DatabaseProcessor.processEntities(DatabaseProcessor.kt:468)
	at androidx.room.processor.DatabaseProcessor.doProcess(DatabaseProcessor.kt:69)
	at androidx.room.processor.DatabaseProcessor.process(DatabaseProcessor.kt:60)
	at androidx.room.DatabaseProcessingStep$process$databases$1$1.invoke(DatabaseProcessingStep.kt:68)
	at androidx.room.DatabaseProcessingStep$process$databases$1$1.invoke(DatabaseProcessingStep.kt:64)
	at androidx.room.processor.Context.collectLogs(Context.kt:192)
	at androidx.room.DatabaseProcessingStep.process(DatabaseProcessingStep.kt:64)
	at androidx.room.compiler.processing.CommonProcessorDelegate.processRound(XBasicAnnotationProcessor.kt:130)
	at androidx.room.compiler.processing.ksp.KspBasicAnnotationProcessor.process(KspBasicAnnotationProcessor.kt:62)
	at com.google.devtools.ksp.AbstractKotlinSymbolProcessingExtension$doAnalysis$8$1.invoke(KotlinSymbolProcessingExtension.kt:320)
	at com.google.devtools.ksp.AbstractKotlinSymbolProcessingExtension$doAnalysis$8$1.invoke(KotlinSymbolProcessingExtension.kt:318)
	at com.google.devtools.ksp.AbstractKotlinSymbolProcessingExtension.handleException(KotlinSymbolProcessingExtension.kt:430)
	at com.google.devtools.ksp.AbstractKotlinSymbolProcessingExtension.doAnalysis(KotlinSymbolProcessingExtension.kt:318)
	at org.jetbrains.kotlin.cli.jvm.compiler.TopDownAnalyzerFacadeForJVM.analyzeFilesWithJavaIntegration(TopDownAnalyzerFacadeForJVM.kt:112)
	at org.jetbrains.kotlin.cli.jvm.compiler.TopDownAnalyzerFacadeForJVM.analyzeFilesWithJavaIntegration$default(TopDownAnalyzerFacadeForJVM.kt:75)
	at org.jetbrains.kotlin.cli.jvm.compiler.KotlinToJVMBytecodeCompiler.analyze$lambda$9(KotlinToJVMBytecodeCompiler.kt:356)
	at org.jetbrains.kotlin.cli.common.messages.AnalyzerWithCompilerReport.analyzeAndReport(AnalyzerWithCompilerReport.kt:112)
	at org.jetbrains.kotlin.cli.jvm.compiler.KotlinToJVMBytecodeCompiler.analyze(KotlinToJVMBytecodeCompiler.kt:347)
	at org.jetbrains.kotlin.cli.jvm.compiler.KotlinToJVMBytecodeCompiler.runFrontendAndGenerateIrUsingClassicFrontend(KotlinToJVMBytecodeCompiler.kt:177)
	at org.jetbrains.kotlin.cli.jvm.compiler.KotlinToJVMBytecodeCompiler.compileModules$cli(KotlinToJVMBytecodeCompiler.kt:102)
	at org.jetbrains.kotlin.cli.jvm.K2JVMCompiler.doExecute(K2JVMCompiler.kt:169)
	at org.jetbrains.kotlin.cli.jvm.K2JVMCompiler.doExecute(K2JVMCompiler.kt:43)
	at org.jetbrains.kotlin.cli.common.CLICompiler.execImpl(CLICompiler.kt:102)
	at org.jetbrains.kotlin.cli.common.CLICompiler.exec(CLICompiler.kt:316)
	at org.jetbrains.kotlin.daemon.CompileServiceImpl.compile(CompileServiceImpl.kt:1554)
	at jdk.internal.reflect.GeneratedMethodAccessor12.invoke(Unknown Source)
	at java.base/jdk.internal.reflect.DelegatingMethodAccessorImpl.invoke(DelegatingMethodAccessorImpl.java:43)
	at java.base/java.lang.reflect.Method.invoke(Method.java:568)
	at java.rmi/sun.rmi.server.UnicastServerRef.dispatch(UnicastServerRef.java:360)
	at java.rmi/sun.rmi.transport.Transport$1.run(Transport.java:200)
	at java.rmi/sun.rmi.transport.Transport$1.run(Transport.java:197)
	at java.base/java.security.AccessController.doPrivileged(AccessController.java:712)
	at java.rmi/sun.rmi.transport.Transport.serviceCall(Transport.java:196)
	at java.rmi/sun.rmi.transport.tcp.TCPTransport.handleMessages(TCPTransport.java:587)
	at java.rmi/sun.rmi.transport.tcp.TCPTransport$ConnectionHandler.run0(TCPTransport.java:828)
	at java.rmi/sun.rmi.transport.tcp.TCPTransport$ConnectionHandler.lambda$run$0(TCPTransport.java:705)
	at java.base/java.security.AccessController.doPrivileged(AccessController.java:399)
	at java.rmi/sun.rmi.transport.tcp.TCPTransport$ConnectionHandler.run(TCPTransport.java:704)
	at java.base/java.util.concurrent.ThreadPoolExecutor.runWorker(ThreadPoolExecutor.java:1136)
	at java.base/java.util.concurrent.ThreadPoolExecutor$Worker.run(ThreadPoolExecutor.java:635)
	at java.base/java.lang.Thread.run(Thread.java:840)


